<?xml version="1.0" encoding="UTF-8"?>
<!-- Generated by org.testng.reporters.JUnitReportReporter -->
<testsuite hostname="harshi" name="devsena.firstasestudy" tests="3" failures="0" timestamp="20 Oct 2022 12:27:01 GMT" time="29.651" errors="0">
  <testcase name="Testcase3" time="24.221" classname="devsena.firstasestudy"/>
  <testcase name="Testcase2" time="2.991" classname="devsena.firstasestudy"/>
  <testcase name="Testcase1" time="2.439" classname="devsena.firstasestudy"/>
</testsuite> <!-- devsena.firstasestudy -->
